/home/fdavid/.rvm/gems/ruby-3.1.1/gems/bootsnap-1.13.0/lib/bootsnap/load_path_cache/path.rb:33:in `realpath': Interrupt
	from /home/fdavid/.rvm/gems/ruby-3.1.1/gems/bootsnap-1.13.0/lib/bootsnap/load_path_cache/path.rb:33:in `to_realpath'
	from /home/fdavid/.rvm/gems/ruby-3.1.1/gems/bootsnap-1.13.0/lib/bootsnap/load_path_cache/cache.rb:144:in `block (2 levels) in push_paths_locked'
	from /home/fdavid/.rvm/gems/ruby-3.1.1/gems/bootsnap-1.13.0/lib/bootsnap/load_path_cache/cache.rb:139:in `each'
	from /home/fdavid/.rvm/gems/ruby-3.1.1/gems/bootsnap-1.13.0/lib/bootsnap/load_path_cache/cache.rb:139:in `block in push_paths_locked'
	from /home/fdavid/.rvm/gems/ruby-3.1.1/gems/bootsnap-1.13.0/lib/bootsnap/load_path_cache/store.rb:52:in `block in transaction'
	from /home/fdavid/.rvm/gems/ruby-3.1.1/gems/bootsnap-1.13.0/lib/bootsnap/load_path_cache/store.rb:51:in `synchronize'
	from /home/fdavid/.rvm/gems/ruby-3.1.1/gems/bootsnap-1.13.0/lib/bootsnap/load_path_cache/store.rb:51:in `transaction'
	from /home/fdavid/.rvm/gems/ruby-3.1.1/gems/bootsnap-1.13.0/lib/bootsnap/load_path_cache/cache.rb:138:in `push_paths_locked'
	from /home/fdavid/.rvm/gems/ruby-3.1.1/gems/bootsnap-1.13.0/lib/bootsnap/load_path_cache/cache.rb:121:in `block in reinitialize'
	from /home/fdavid/.rvm/gems/ruby-3.1.1/gems/bootsnap-1.13.0/lib/bootsnap/load_path_cache/cache.rb:115:in `synchronize'
	from /home/fdavid/.rvm/gems/ruby-3.1.1/gems/bootsnap-1.13.0/lib/bootsnap/load_path_cache/cache.rb:115:in `reinitialize'
	from /home/fdavid/.rvm/gems/ruby-3.1.1/gems/bootsnap-1.13.0/lib/bootsnap/load_path_cache/cache.rb:16:in `initialize'
	from /home/fdavid/.rvm/gems/ruby-3.1.1/gems/bootsnap-1.13.0/lib/bootsnap/load_path_cache.rb:41:in `new'
	from /home/fdavid/.rvm/gems/ruby-3.1.1/gems/bootsnap-1.13.0/lib/bootsnap/load_path_cache.rb:41:in `setup'
	from /home/fdavid/.rvm/gems/ruby-3.1.1/gems/bootsnap-1.13.0/lib/bootsnap.rb:65:in `setup'
	from /home/fdavid/.rvm/gems/ruby-3.1.1/gems/bootsnap-1.13.0/lib/bootsnap.rb:116:in `default_setup'
	from /home/fdavid/.rvm/gems/ruby-3.1.1/gems/bootsnap-1.13.0/lib/bootsnap/setup.rb:5:in `<top (required)>'
	from /srv/dgrpool/config/boot.rb:4:in `require'
	from /srv/dgrpool/config/boot.rb:4:in `<top (required)>'
	from bin/rails:3:in `require_relative'
	from bin/rails:3:in `<main>'
Executing...
5ad0e8184d9e8dae6d829b5cb75b658d500b1152dc192a03d764b9540f8b105c
Rscript lib/running_GWAS_user.R /data/dgrpool/tmp/5ad0e8184d9e8dae6d829b5cb75b658d500b1152dc192a03d764b9540f8b105c.tmp /data/dgrpool/dgrp2 /data/dgrpool/dgrp.cov.tsv /data/dgrpool/dgrp.fb557.annot.txt.gz /data/dgrpool/tmp/5ad0e8184d9e8dae6d829b5cb75b658d500b1152dc192a03d764b9540f8b105c 2 0.2 0.05 1> /data/dgrpool/tmp/5ad0e8184d9e8dae6d829b5cb75b658d500b1152dc192a03d764b9540f8b105c/gwas_output.json 2> /data/dgrpool/tmp/5ad0e8184d9e8dae6d829b5cb75b658d500b1152dc192a03d764b9540f8b105c/gwas_output.err
2fcbf59e14a9e6535d302650669c1d7518b7c6b348f178ca09c2faf811b68d16
Rscript lib/running_GWAS_user.R /data/dgrpool/tmp/2fcbf59e14a9e6535d302650669c1d7518b7c6b348f178ca09c2faf811b68d16.tmp /data/dgrpool/dgrp2 /data/dgrpool/dgrp.cov.tsv /data/dgrpool/dgrp.fb557.annot.txt.gz /data/dgrpool/tmp/2fcbf59e14a9e6535d302650669c1d7518b7c6b348f178ca09c2faf811b68d16 2 0.2 0.05 1> /data/dgrpool/tmp/2fcbf59e14a9e6535d302650669c1d7518b7c6b348f178ca09c2faf811b68d16/gwas_output.json 2> /data/dgrpool/tmp/2fcbf59e14a9e6535d302650669c1d7518b7c6b348f178ca09c2faf811b68d16/gwas_output.err
a90a9e7d9277183654b6471eedf174e9dea82d24b7c6428e9b15a9bbdd844d07
Rscript lib/running_GWAS_user.R /data/dgrpool/tmp/a90a9e7d9277183654b6471eedf174e9dea82d24b7c6428e9b15a9bbdd844d07.tmp /data/dgrpool/dgrp2 /data/dgrpool/dgrp.cov.tsv /data/dgrpool/dgrp.fb557.annot.txt.gz /data/dgrpool/tmp/a90a9e7d9277183654b6471eedf174e9dea82d24b7c6428e9b15a9bbdd844d07 2 0.2 0.05 1> /data/dgrpool/tmp/a90a9e7d9277183654b6471eedf174e9dea82d24b7c6428e9b15a9bbdd844d07/gwas_output.json 2> /data/dgrpool/tmp/a90a9e7d9277183654b6471eedf174e9dea82d24b7c6428e9b15a9bbdd844d07/gwas_output.err
9aae4be86cd2ce22a7d6125c60a60686d99a92315613ff741a0d54e749f8500a
Rscript lib/running_GWAS_user.R /data/dgrpool/tmp/9aae4be86cd2ce22a7d6125c60a60686d99a92315613ff741a0d54e749f8500a.tmp /data/dgrpool/dgrp2 /data/dgrpool/dgrp.cov.tsv /data/dgrpool/dgrp.fb557.annot.txt.gz /data/dgrpool/tmp/9aae4be86cd2ce22a7d6125c60a60686d99a92315613ff741a0d54e749f8500a 2 0.2 0.05 1> /data/dgrpool/tmp/9aae4be86cd2ce22a7d6125c60a60686d99a92315613ff741a0d54e749f8500a/gwas_output.json 2> /data/dgrpool/tmp/9aae4be86cd2ce22a7d6125c60a60686d99a92315613ff741a0d54e749f8500a/gwas_output.err
7cc9289686ff9b71c0d00b46edeae954a7ea02f85b80e88116eaebab2ddddbec
Rscript lib/running_GWAS_user.R /data/dgrpool/tmp/7cc9289686ff9b71c0d00b46edeae954a7ea02f85b80e88116eaebab2ddddbec.tmp /data/dgrpool/dgrp2 /data/dgrpool/dgrp.cov.tsv /data/dgrpool/dgrp.fb557.annot.txt.gz /data/dgrpool/tmp/7cc9289686ff9b71c0d00b46edeae954a7ea02f85b80e88116eaebab2ddddbec 2 0.2 0.05 1> /data/dgrpool/tmp/7cc9289686ff9b71c0d00b46edeae954a7ea02f85b80e88116eaebab2ddddbec/gwas_output.json 2> /data/dgrpool/tmp/7cc9289686ff9b71c0d00b46edeae954a7ea02f85b80e88116eaebab2ddddbec/gwas_output.err
ec6af97537169dc64e872295408672408be84279926d390423a09708f58fb191
Rscript lib/running_GWAS_user.R /data/dgrpool/tmp/ec6af97537169dc64e872295408672408be84279926d390423a09708f58fb191.tmp /data/dgrpool/dgrp2 /data/dgrpool/dgrp.cov.tsv /data/dgrpool/dgrp.fb557.annot.txt.gz /data/dgrpool/tmp/ec6af97537169dc64e872295408672408be84279926d390423a09708f58fb191 2 0.2 0.05 1> /data/dgrpool/tmp/ec6af97537169dc64e872295408672408be84279926d390423a09708f58fb191/gwas_output.json 2> /data/dgrpool/tmp/ec6af97537169dc64e872295408672408be84279926d390423a09708f58fb191/gwas_output.err
c6279d627e03ea1ada648f7edc49d7de2b508c64f1ca89b89dca3b8581b4725f
Rscript lib/running_GWAS_user.R /data/dgrpool/tmp/c6279d627e03ea1ada648f7edc49d7de2b508c64f1ca89b89dca3b8581b4725f.tmp /data/dgrpool/dgrp2 /data/dgrpool/dgrp.cov.tsv /data/dgrpool/dgrp.fb557.annot.txt.gz /data/dgrpool/tmp/c6279d627e03ea1ada648f7edc49d7de2b508c64f1ca89b89dca3b8581b4725f 2 0.2 0.05 1> /data/dgrpool/tmp/c6279d627e03ea1ada648f7edc49d7de2b508c64f1ca89b89dca3b8581b4725f/gwas_output.json 2> /data/dgrpool/tmp/c6279d627e03ea1ada648f7edc49d7de2b508c64f1ca89b89dca3b8581b4725f/gwas_output.err
4cfcb9a6e98bcdea33f40f8c0c20d3258e0e2716a216036d67e613c4911dec32
Rscript lib/running_GWAS_user.R /data/dgrpool/tmp/4cfcb9a6e98bcdea33f40f8c0c20d3258e0e2716a216036d67e613c4911dec32.tmp /data/dgrpool/dgrp2 /data/dgrpool/dgrp.cov.tsv /data/dgrpool/dgrp.fb557.annot.txt.gz /data/dgrpool/tmp/4cfcb9a6e98bcdea33f40f8c0c20d3258e0e2716a216036d67e613c4911dec32 2 0.2 0.05 1> /data/dgrpool/tmp/4cfcb9a6e98bcdea33f40f8c0c20d3258e0e2716a216036d67e613c4911dec32/gwas_output.json 2> /data/dgrpool/tmp/4cfcb9a6e98bcdea33f40f8c0c20d3258e0e2716a216036d67e613c4911dec32/gwas_output.err
a5d07bb894a3ecf84f14989619da9086470af79cc56949811a9e7ed58911887a
Rscript lib/running_GWAS_user.R /data/dgrpool/tmp/a5d07bb894a3ecf84f14989619da9086470af79cc56949811a9e7ed58911887a.tmp /data/dgrpool/dgrp2 /data/dgrpool/dgrp.cov.tsv /data/dgrpool/dgrp.fb557.annot.txt.gz /data/dgrpool/tmp/a5d07bb894a3ecf84f14989619da9086470af79cc56949811a9e7ed58911887a 2 0.2 0.05 1> /data/dgrpool/tmp/a5d07bb894a3ecf84f14989619da9086470af79cc56949811a9e7ed58911887a/gwas_output.json 2> /data/dgrpool/tmp/a5d07bb894a3ecf84f14989619da9086470af79cc56949811a9e7ed58911887a/gwas_output.err
da904446405c2bb3662932037854f54f2a9d18b30a0907cb039920bf29123521
Rscript lib/running_GWAS_user.R /data/dgrpool/tmp/da904446405c2bb3662932037854f54f2a9d18b30a0907cb039920bf29123521.tmp /data/dgrpool/dgrp2 /data/dgrpool/dgrp.cov.tsv /data/dgrpool/dgrp.fb557.annot.txt.gz /data/dgrpool/tmp/da904446405c2bb3662932037854f54f2a9d18b30a0907cb039920bf29123521 2 0.2 0.05 1> /data/dgrpool/tmp/da904446405c2bb3662932037854f54f2a9d18b30a0907cb039920bf29123521/gwas_output.json 2> /data/dgrpool/tmp/da904446405c2bb3662932037854f54f2a9d18b30a0907cb039920bf29123521/gwas_output.err
97d623eebf6967285301aa8f0287a154bf3c6f349a7451a9077aa9ac96d6b695
Rscript lib/running_GWAS_user.R /data/dgrpool/tmp/97d623eebf6967285301aa8f0287a154bf3c6f349a7451a9077aa9ac96d6b695.tmp /data/dgrpool/dgrp2 /data/dgrpool/dgrp.cov.tsv /data/dgrpool/dgrp.fb557.annot.txt.gz /data/dgrpool/tmp/97d623eebf6967285301aa8f0287a154bf3c6f349a7451a9077aa9ac96d6b695 2 0.2 0.05 1> /data/dgrpool/tmp/97d623eebf6967285301aa8f0287a154bf3c6f349a7451a9077aa9ac96d6b695/gwas_output.json 2> /data/dgrpool/tmp/97d623eebf6967285301aa8f0287a154bf3c6f349a7451a9077aa9ac96d6b695/gwas_output.err
36dd33df0f2c05588e588a3851f72df69cd87a02e8ba780453222e702ce2dd3c
Rscript lib/running_GWAS_user.R /data/dgrpool/tmp/36dd33df0f2c05588e588a3851f72df69cd87a02e8ba780453222e702ce2dd3c.tmp /data/dgrpool/dgrp2 /data/dgrpool/dgrp.cov.tsv /data/dgrpool/dgrp.fb557.annot.txt.gz /data/dgrpool/tmp/36dd33df0f2c05588e588a3851f72df69cd87a02e8ba780453222e702ce2dd3c 2 0.2 0.05 1> /data/dgrpool/tmp/36dd33df0f2c05588e588a3851f72df69cd87a02e8ba780453222e702ce2dd3c/gwas_output.json 2> /data/dgrpool/tmp/36dd33df0f2c05588e588a3851f72df69cd87a02e8ba780453222e702ce2dd3c/gwas_output.err
d2791d8667bc249a1bef46c842a9a7f825def9d29c4fb0fe9a4f436749f753d2
Rscript lib/running_GWAS_user.R /data/dgrpool/tmp/d2791d8667bc249a1bef46c842a9a7f825def9d29c4fb0fe9a4f436749f753d2.tmp /data/dgrpool/dgrp2 /data/dgrpool/dgrp.cov.tsv /data/dgrpool/dgrp.fb557.annot.txt.gz /data/dgrpool/tmp/d2791d8667bc249a1bef46c842a9a7f825def9d29c4fb0fe9a4f436749f753d2 2 0.2 0.05 1> /data/dgrpool/tmp/d2791d8667bc249a1bef46c842a9a7f825def9d29c4fb0fe9a4f436749f753d2/gwas_output.json 2> /data/dgrpool/tmp/d2791d8667bc249a1bef46c842a9a7f825def9d29c4fb0fe9a4f436749f753d2/gwas_output.err
cfee78a41b0185c6310ee29b22c88cea862b7a5c423131a102d906bcd119a238
Rscript lib/running_GWAS_user.R /data/dgrpool/tmp/cfee78a41b0185c6310ee29b22c88cea862b7a5c423131a102d906bcd119a238.tmp /data/dgrpool/dgrp2 /data/dgrpool/dgrp.cov.tsv /data/dgrpool/dgrp.fb557.annot.txt.gz /data/dgrpool/tmp/cfee78a41b0185c6310ee29b22c88cea862b7a5c423131a102d906bcd119a238 2 0.2 0.05 1> /data/dgrpool/tmp/cfee78a41b0185c6310ee29b22c88cea862b7a5c423131a102d906bcd119a238/gwas_output.json 2> /data/dgrpool/tmp/cfee78a41b0185c6310ee29b22c88cea862b7a5c423131a102d906bcd119a238/gwas_output.err
309583fcb67d0a5710450182c0a25924580e7ed72e10fe8fae41f32fa820768f
Rscript lib/running_GWAS_user.R /data/dgrpool/tmp/309583fcb67d0a5710450182c0a25924580e7ed72e10fe8fae41f32fa820768f.tmp /data/dgrpool/dgrp2 /data/dgrpool/dgrp.cov.tsv /data/dgrpool/dgrp.fb557.annot.txt.gz /data/dgrpool/tmp/309583fcb67d0a5710450182c0a25924580e7ed72e10fe8fae41f32fa820768f 2 0.2 0.05 1> /data/dgrpool/tmp/309583fcb67d0a5710450182c0a25924580e7ed72e10fe8fae41f32fa820768f/gwas_output.json 2> /data/dgrpool/tmp/309583fcb67d0a5710450182c0a25924580e7ed72e10fe8fae41f32fa820768f/gwas_output.err
7519c6dab31a9de2c2b6b330e70baf33cd546b0bf8bf8f62b78e3e656d185fdd
Rscript lib/running_GWAS_user.R /data/dgrpool/tmp/7519c6dab31a9de2c2b6b330e70baf33cd546b0bf8bf8f62b78e3e656d185fdd.tmp /data/dgrpool/dgrp2 /data/dgrpool/dgrp.cov.tsv /data/dgrpool/dgrp.fb557.annot.txt.gz /data/dgrpool/tmp/7519c6dab31a9de2c2b6b330e70baf33cd546b0bf8bf8f62b78e3e656d185fdd 2 0.2 0.05 1> /data/dgrpool/tmp/7519c6dab31a9de2c2b6b330e70baf33cd546b0bf8bf8f62b78e3e656d185fdd/gwas_output.json 2> /data/dgrpool/tmp/7519c6dab31a9de2c2b6b330e70baf33cd546b0bf8bf8f62b78e3e656d185fdd/gwas_output.err
aad5460268aa9ab3a57c182a077aeb8fc4b788039bcfe2350410b0fc0c1c4906
Rscript lib/running_GWAS_user.R /data/dgrpool/tmp/aad5460268aa9ab3a57c182a077aeb8fc4b788039bcfe2350410b0fc0c1c4906.tmp /data/dgrpool/dgrp2 /data/dgrpool/dgrp.cov.tsv /data/dgrpool/dgrp.fb557.annot.txt.gz /data/dgrpool/tmp/aad5460268aa9ab3a57c182a077aeb8fc4b788039bcfe2350410b0fc0c1c4906 2 0.2 0.05 1> /data/dgrpool/tmp/aad5460268aa9ab3a57c182a077aeb8fc4b788039bcfe2350410b0fc0c1c4906/gwas_output.json 2> /data/dgrpool/tmp/aad5460268aa9ab3a57c182a077aeb8fc4b788039bcfe2350410b0fc0c1c4906/gwas_output.err
a7c50eb7f310210dcebbf408c2e11e3fac78901e482685fcc0054dd78efd272e
Rscript lib/running_GWAS_user.R /data/dgrpool/tmp/a7c50eb7f310210dcebbf408c2e11e3fac78901e482685fcc0054dd78efd272e.tmp /data/dgrpool/dgrp2 /data/dgrpool/dgrp.cov.tsv /data/dgrpool/dgrp.fb557.annot.txt.gz /data/dgrpool/tmp/a7c50eb7f310210dcebbf408c2e11e3fac78901e482685fcc0054dd78efd272e 2 0.2 0.05 1> /data/dgrpool/tmp/a7c50eb7f310210dcebbf408c2e11e3fac78901e482685fcc0054dd78efd272e/gwas_output.json 2> /data/dgrpool/tmp/a7c50eb7f310210dcebbf408c2e11e3fac78901e482685fcc0054dd78efd272e/gwas_output.err
bcfaed6ee5f1a496096bc0b2e3e83bb339c30851128f2519530fc7160b458988
Rscript lib/running_GWAS_user.R /data/dgrpool/tmp/bcfaed6ee5f1a496096bc0b2e3e83bb339c30851128f2519530fc7160b458988.tmp /data/dgrpool/dgrp2 /data/dgrpool/dgrp.cov.tsv /data/dgrpool/dgrp.fb557.annot.txt.gz /data/dgrpool/tmp/bcfaed6ee5f1a496096bc0b2e3e83bb339c30851128f2519530fc7160b458988 2 0.2 0.05 1> /data/dgrpool/tmp/bcfaed6ee5f1a496096bc0b2e3e83bb339c30851128f2519530fc7160b458988/gwas_output.json 2> /data/dgrpool/tmp/bcfaed6ee5f1a496096bc0b2e3e83bb339c30851128f2519530fc7160b458988/gwas_output.err
61e077fb064b11d035c0d3aef88b1714ad784191d96ada3869829bdfa67b80b4
Rscript lib/running_GWAS_user.R /data/dgrpool/tmp/61e077fb064b11d035c0d3aef88b1714ad784191d96ada3869829bdfa67b80b4.tmp /data/dgrpool/dgrp2 /data/dgrpool/dgrp.cov.tsv /data/dgrpool/dgrp.fb557.annot.txt.gz /data/dgrpool/tmp/61e077fb064b11d035c0d3aef88b1714ad784191d96ada3869829bdfa67b80b4 2 0.2 0.05 1> /data/dgrpool/tmp/61e077fb064b11d035c0d3aef88b1714ad784191d96ada3869829bdfa67b80b4/gwas_output.json 2> /data/dgrpool/tmp/61e077fb064b11d035c0d3aef88b1714ad784191d96ada3869829bdfa67b80b4/gwas_output.err
cbc6a573804a9d57161a1e76ae1419c33683e25661230b7248cb2592cc90528c
Rscript lib/running_GWAS_user.R /data/dgrpool/tmp/cbc6a573804a9d57161a1e76ae1419c33683e25661230b7248cb2592cc90528c.tmp /data/dgrpool/dgrp2 /data/dgrpool/dgrp.cov.tsv /data/dgrpool/dgrp.fb557.annot.txt.gz /data/dgrpool/tmp/cbc6a573804a9d57161a1e76ae1419c33683e25661230b7248cb2592cc90528c 2 0.2 0.05 1> /data/dgrpool/tmp/cbc6a573804a9d57161a1e76ae1419c33683e25661230b7248cb2592cc90528c/gwas_output.json 2> /data/dgrpool/tmp/cbc6a573804a9d57161a1e76ae1419c33683e25661230b7248cb2592cc90528c/gwas_output.err
d5fcc876ee7d7fe47ea1d5e0a40653c1e15b21943d49181ecfad6fd7f2915c18
Rscript lib/running_GWAS_user.R /data/dgrpool/tmp/d5fcc876ee7d7fe47ea1d5e0a40653c1e15b21943d49181ecfad6fd7f2915c18.tmp /data/dgrpool/dgrp2 /data/dgrpool/dgrp.cov.tsv /data/dgrpool/dgrp.fb557.annot.txt.gz /data/dgrpool/tmp/d5fcc876ee7d7fe47ea1d5e0a40653c1e15b21943d49181ecfad6fd7f2915c18 2 0.2 0.05 1> /data/dgrpool/tmp/d5fcc876ee7d7fe47ea1d5e0a40653c1e15b21943d49181ecfad6fd7f2915c18/gwas_output.json 2> /data/dgrpool/tmp/d5fcc876ee7d7fe47ea1d5e0a40653c1e15b21943d49181ecfad6fd7f2915c18/gwas_output.err
973c88e7eb539754670afbbcac0c55512a0235d8eaa544b99459a6b0f7991ead
Rscript lib/running_GWAS_user.R /data/dgrpool/tmp/973c88e7eb539754670afbbcac0c55512a0235d8eaa544b99459a6b0f7991ead.tmp /data/dgrpool/dgrp2 /data/dgrpool/dgrp.cov.tsv /data/dgrpool/dgrp.fb557.annot.txt.gz /data/dgrpool/tmp/973c88e7eb539754670afbbcac0c55512a0235d8eaa544b99459a6b0f7991ead 2 0.2 0.05 1> /data/dgrpool/tmp/973c88e7eb539754670afbbcac0c55512a0235d8eaa544b99459a6b0f7991ead/gwas_output.json 2> /data/dgrpool/tmp/973c88e7eb539754670afbbcac0c55512a0235d8eaa544b99459a6b0f7991ead/gwas_output.err
904daaa201ff16d8c8954ac4ba49aa95ae6e6e70b3dfcee3f71763b5985e31f2
Rscript lib/running_GWAS_user.R /data/dgrpool/tmp/904daaa201ff16d8c8954ac4ba49aa95ae6e6e70b3dfcee3f71763b5985e31f2.tmp /data/dgrpool/dgrp2 /data/dgrpool/dgrp.cov.tsv /data/dgrpool/dgrp.fb557.annot.txt.gz /data/dgrpool/tmp/904daaa201ff16d8c8954ac4ba49aa95ae6e6e70b3dfcee3f71763b5985e31f2 2 0.2 0.05 1> /data/dgrpool/tmp/904daaa201ff16d8c8954ac4ba49aa95ae6e6e70b3dfcee3f71763b5985e31f2/gwas_output.json 2> /data/dgrpool/tmp/904daaa201ff16d8c8954ac4ba49aa95ae6e6e70b3dfcee3f71763b5985e31f2/gwas_output.err
bd5e7e7182694b916213c48606bb989b2d1e7d57efc6c8c78b3058030c5e32fa
Rscript lib/running_GWAS_user.R /data/dgrpool/tmp/bd5e7e7182694b916213c48606bb989b2d1e7d57efc6c8c78b3058030c5e32fa.tmp /data/dgrpool/dgrp2 /data/dgrpool/dgrp.cov.tsv /data/dgrpool/dgrp.fb557.annot.txt.gz /data/dgrpool/tmp/bd5e7e7182694b916213c48606bb989b2d1e7d57efc6c8c78b3058030c5e32fa 2 0.2 0.05 1> /data/dgrpool/tmp/bd5e7e7182694b916213c48606bb989b2d1e7d57efc6c8c78b3058030c5e32fa/gwas_output.json 2> /data/dgrpool/tmp/bd5e7e7182694b916213c48606bb989b2d1e7d57efc6c8c78b3058030c5e32fa/gwas_output.err
65c65d738f660e2f6754418b50b1cf1c52d8c3d12b2d228137131d8d3fc9ff5b
Rscript lib/running_GWAS_user.R /data/dgrpool/tmp/65c65d738f660e2f6754418b50b1cf1c52d8c3d12b2d228137131d8d3fc9ff5b.tmp /data/dgrpool/dgrp2 /data/dgrpool/dgrp.cov.tsv /data/dgrpool/dgrp.fb557.annot.txt.gz /data/dgrpool/tmp/65c65d738f660e2f6754418b50b1cf1c52d8c3d12b2d228137131d8d3fc9ff5b 2 0.2 0.05 1> /data/dgrpool/tmp/65c65d738f660e2f6754418b50b1cf1c52d8c3d12b2d228137131d8d3fc9ff5b/gwas_output.json 2> /data/dgrpool/tmp/65c65d738f660e2f6754418b50b1cf1c52d8c3d12b2d228137131d8d3fc9ff5b/gwas_output.err
6ee7b7e741936c83b51599c80809bc8b3aa5cd7edcff6681ef6b36ad4150fbdc
Rscript lib/running_GWAS_user.R /data/dgrpool/tmp/6ee7b7e741936c83b51599c80809bc8b3aa5cd7edcff6681ef6b36ad4150fbdc.tmp /data/dgrpool/dgrp2 /data/dgrpool/dgrp.cov.tsv /data/dgrpool/dgrp.fb557.annot.txt.gz /data/dgrpool/tmp/6ee7b7e741936c83b51599c80809bc8b3aa5cd7edcff6681ef6b36ad4150fbdc 2 0.2 0.05 1> /data/dgrpool/tmp/6ee7b7e741936c83b51599c80809bc8b3aa5cd7edcff6681ef6b36ad4150fbdc/gwas_output.json 2> /data/dgrpool/tmp/6ee7b7e741936c83b51599c80809bc8b3aa5cd7edcff6681ef6b36ad4150fbdc/gwas_output.err
36dd33df0f2c05588e588a3851f72df69cd87a02e8ba780453222e702ce2dd3c
Rscript lib/running_GWAS_user.R /data/dgrpool/tmp/36dd33df0f2c05588e588a3851f72df69cd87a02e8ba780453222e702ce2dd3c.tmp /data/dgrpool/dgrp2 /data/dgrpool/dgrp.cov.tsv /data/dgrpool/dgrp.fb557.annot.txt.gz /data/dgrpool/tmp/36dd33df0f2c05588e588a3851f72df69cd87a02e8ba780453222e702ce2dd3c 2 0.2 0.05 1> /data/dgrpool/tmp/36dd33df0f2c05588e588a3851f72df69cd87a02e8ba780453222e702ce2dd3c/gwas_output.json 2> /data/dgrpool/tmp/36dd33df0f2c05588e588a3851f72df69cd87a02e8ba780453222e702ce2dd3c/gwas_output.err
d2791d8667bc249a1bef46c842a9a7f825def9d29c4fb0fe9a4f436749f753d2
Rscript lib/running_GWAS_user.R /data/dgrpool/tmp/d2791d8667bc249a1bef46c842a9a7f825def9d29c4fb0fe9a4f436749f753d2.tmp /data/dgrpool/dgrp2 /data/dgrpool/dgrp.cov.tsv /data/dgrpool/dgrp.fb557.annot.txt.gz /data/dgrpool/tmp/d2791d8667bc249a1bef46c842a9a7f825def9d29c4fb0fe9a4f436749f753d2 2 0.2 0.05 1> /data/dgrpool/tmp/d2791d8667bc249a1bef46c842a9a7f825def9d29c4fb0fe9a4f436749f753d2/gwas_output.json 2> /data/dgrpool/tmp/d2791d8667bc249a1bef46c842a9a7f825def9d29c4fb0fe9a4f436749f753d2/gwas_output.err
b10b747b259713a470d37227b68fa771d38bdc7e168a7613fd5418936b4e2b9b
Rscript lib/running_GWAS_user.R /data/dgrpool/tmp/b10b747b259713a470d37227b68fa771d38bdc7e168a7613fd5418936b4e2b9b.tmp /data/dgrpool/dgrp2 /data/dgrpool/dgrp.cov.tsv /data/dgrpool/dgrp.fb557.annot.txt.gz /data/dgrpool/tmp/b10b747b259713a470d37227b68fa771d38bdc7e168a7613fd5418936b4e2b9b 2 0.2 0.05 1> /data/dgrpool/tmp/b10b747b259713a470d37227b68fa771d38bdc7e168a7613fd5418936b4e2b9b/gwas_output.json 2> /data/dgrpool/tmp/b10b747b259713a470d37227b68fa771d38bdc7e168a7613fd5418936b4e2b9b/gwas_output.err
8dac2832d4fde9c0a7a930954dbe36d92896ccbc069538670a93d38d76878bca
Rscript lib/running_GWAS_user.R /data/dgrpool/tmp/8dac2832d4fde9c0a7a930954dbe36d92896ccbc069538670a93d38d76878bca.tmp /data/dgrpool/dgrp2 /data/dgrpool/dgrp.cov.tsv /data/dgrpool/dgrp.fb557.annot.txt.gz /data/dgrpool/tmp/8dac2832d4fde9c0a7a930954dbe36d92896ccbc069538670a93d38d76878bca 2 0.2 0.05 1> /data/dgrpool/tmp/8dac2832d4fde9c0a7a930954dbe36d92896ccbc069538670a93d38d76878bca/gwas_output.json 2> /data/dgrpool/tmp/8dac2832d4fde9c0a7a930954dbe36d92896ccbc069538670a93d38d76878bca/gwas_output.err
4c1689251c7cfba78e2d068c99a56514aa6d0d6b65c73c4c2320746f3375abc3
Rscript lib/running_GWAS_user.R /data/dgrpool/tmp/4c1689251c7cfba78e2d068c99a56514aa6d0d6b65c73c4c2320746f3375abc3.tmp /data/dgrpool/dgrp2 /data/dgrpool/dgrp.cov.tsv /data/dgrpool/dgrp.fb557.annot.txt.gz /data/dgrpool/tmp/4c1689251c7cfba78e2d068c99a56514aa6d0d6b65c73c4c2320746f3375abc3 2 0.2 0.05 1> /data/dgrpool/tmp/4c1689251c7cfba78e2d068c99a56514aa6d0d6b65c73c4c2320746f3375abc3/gwas_output.json 2> /data/dgrpool/tmp/4c1689251c7cfba78e2d068c99a56514aa6d0d6b65c73c4c2320746f3375abc3/gwas_output.err
e53d13539b42ca2fc8c9b5371e6d51bddc7337e06345e2842c2e178e7e171058
Rscript lib/running_GWAS_user.R /data/dgrpool/tmp/e53d13539b42ca2fc8c9b5371e6d51bddc7337e06345e2842c2e178e7e171058.tmp /data/dgrpool/dgrp2 /data/dgrpool/dgrp.cov.tsv /data/dgrpool/dgrp.fb557.annot.txt.gz /data/dgrpool/tmp/e53d13539b42ca2fc8c9b5371e6d51bddc7337e06345e2842c2e178e7e171058 2 0.2 0.05 1> /data/dgrpool/tmp/e53d13539b42ca2fc8c9b5371e6d51bddc7337e06345e2842c2e178e7e171058/gwas_output.json 2> /data/dgrpool/tmp/e53d13539b42ca2fc8c9b5371e6d51bddc7337e06345e2842c2e178e7e171058/gwas_output.err
2802fdd529a0c63e977b92ef864445b65c8a5ed811e0f2b43548bc4483f13dd3
Rscript lib/running_GWAS_user.R /data/dgrpool/tmp/2802fdd529a0c63e977b92ef864445b65c8a5ed811e0f2b43548bc4483f13dd3.tmp /data/dgrpool/dgrp2 /data/dgrpool/dgrp.cov.tsv /data/dgrpool/dgrp.fb557.annot.txt.gz /data/dgrpool/tmp/2802fdd529a0c63e977b92ef864445b65c8a5ed811e0f2b43548bc4483f13dd3 2 0.2 0.05 1> /data/dgrpool/tmp/2802fdd529a0c63e977b92ef864445b65c8a5ed811e0f2b43548bc4483f13dd3/gwas_output.json 2> /data/dgrpool/tmp/2802fdd529a0c63e977b92ef864445b65c8a5ed811e0f2b43548bc4483f13dd3/gwas_output.err
73553a5512ef1a991fb74a7c4014f475ff86df8b614ed93a3a6f6c567110fe9a
Rscript lib/running_GWAS_user.R /data/dgrpool/tmp/73553a5512ef1a991fb74a7c4014f475ff86df8b614ed93a3a6f6c567110fe9a.tmp /data/dgrpool/dgrp2 /data/dgrpool/dgrp.cov.tsv /data/dgrpool/dgrp.fb557.annot.txt.gz /data/dgrpool/tmp/73553a5512ef1a991fb74a7c4014f475ff86df8b614ed93a3a6f6c567110fe9a 2 0.2 0.05 1> /data/dgrpool/tmp/73553a5512ef1a991fb74a7c4014f475ff86df8b614ed93a3a6f6c567110fe9a/gwas_output.json 2> /data/dgrpool/tmp/73553a5512ef1a991fb74a7c4014f475ff86df8b614ed93a3a6f6c567110fe9a/gwas_output.err
a73a35ba0bdd0dd17da973fdb82d98672a57a58142831e4980c8daba237bd4c6
Rscript lib/running_GWAS_user.R /data/dgrpool/tmp/a73a35ba0bdd0dd17da973fdb82d98672a57a58142831e4980c8daba237bd4c6.tmp /data/dgrpool/dgrp2 /data/dgrpool/dgrp.cov.tsv /data/dgrpool/dgrp.fb557.annot.txt.gz /data/dgrpool/tmp/a73a35ba0bdd0dd17da973fdb82d98672a57a58142831e4980c8daba237bd4c6 2 0.2 0.05 1> /data/dgrpool/tmp/a73a35ba0bdd0dd17da973fdb82d98672a57a58142831e4980c8daba237bd4c6/gwas_output.json 2> /data/dgrpool/tmp/a73a35ba0bdd0dd17da973fdb82d98672a57a58142831e4980c8daba237bd4c6/gwas_output.err
24e66117daa5f429910393e66affafe5f0ca01410ef70e019c46a98df9a18971
Rscript lib/running_GWAS_user.R /data/dgrpool/tmp/24e66117daa5f429910393e66affafe5f0ca01410ef70e019c46a98df9a18971.tmp /data/dgrpool/dgrp2 /data/dgrpool/dgrp.cov.tsv /data/dgrpool/dgrp.fb557.annot.txt.gz /data/dgrpool/tmp/24e66117daa5f429910393e66affafe5f0ca01410ef70e019c46a98df9a18971 2 0.2 0.05 1> /data/dgrpool/tmp/24e66117daa5f429910393e66affafe5f0ca01410ef70e019c46a98df9a18971/gwas_output.json 2> /data/dgrpool/tmp/24e66117daa5f429910393e66affafe5f0ca01410ef70e019c46a98df9a18971/gwas_output.err
5263fac958133c471fa461c1cc7a9d2785f9fbc39e621c9da75d0b9f9e231583
Rscript lib/running_GWAS_user.R /data/dgrpool/tmp/5263fac958133c471fa461c1cc7a9d2785f9fbc39e621c9da75d0b9f9e231583.tmp /data/dgrpool/dgrp2 /data/dgrpool/dgrp.cov.tsv /data/dgrpool/dgrp.fb557.annot.txt.gz /data/dgrpool/tmp/5263fac958133c471fa461c1cc7a9d2785f9fbc39e621c9da75d0b9f9e231583 2 0.2 0.05 1> /data/dgrpool/tmp/5263fac958133c471fa461c1cc7a9d2785f9fbc39e621c9da75d0b9f9e231583/gwas_output.json 2> /data/dgrpool/tmp/5263fac958133c471fa461c1cc7a9d2785f9fbc39e621c9da75d0b9f9e231583/gwas_output.err
bcfbd93685ae0836b462063f8394f741e9c0ac6824683fc76ada3d7dac0898b3
Rscript lib/running_GWAS_user.R /data/dgrpool/tmp/bcfbd93685ae0836b462063f8394f741e9c0ac6824683fc76ada3d7dac0898b3.tmp /data/dgrpool/dgrp2 /data/dgrpool/dgrp.cov.tsv /data/dgrpool/dgrp.fb557.annot.txt.gz /data/dgrpool/tmp/bcfbd93685ae0836b462063f8394f741e9c0ac6824683fc76ada3d7dac0898b3 2 0.2 0.05 1> /data/dgrpool/tmp/bcfbd93685ae0836b462063f8394f741e9c0ac6824683fc76ada3d7dac0898b3/gwas_output.json 2> /data/dgrpool/tmp/bcfbd93685ae0836b462063f8394f741e9c0ac6824683fc76ada3d7dac0898b3/gwas_output.err
ef01b6460ee93df7c040f5ebf854d5c63028c38c52f267d7e613df9b15923174
Rscript lib/running_GWAS_user.R /data/dgrpool/tmp/ef01b6460ee93df7c040f5ebf854d5c63028c38c52f267d7e613df9b15923174.tmp /data/dgrpool/dgrp2 /data/dgrpool/dgrp.cov.tsv /data/dgrpool/dgrp.fb557.annot.txt.gz /data/dgrpool/tmp/ef01b6460ee93df7c040f5ebf854d5c63028c38c52f267d7e613df9b15923174 2 0.2 0.05 1> /data/dgrpool/tmp/ef01b6460ee93df7c040f5ebf854d5c63028c38c52f267d7e613df9b15923174/gwas_output.json 2> /data/dgrpool/tmp/ef01b6460ee93df7c040f5ebf854d5c63028c38c52f267d7e613df9b15923174/gwas_output.err
e0a20a0276382ee0fff2e4a0783daeb9a28347d5c9b172b27b71a9c92a1e6f77
Rscript lib/running_GWAS_user.R /data/dgrpool/tmp/e0a20a0276382ee0fff2e4a0783daeb9a28347d5c9b172b27b71a9c92a1e6f77.tmp /data/dgrpool/dgrp2 /data/dgrpool/dgrp.cov.tsv /data/dgrpool/dgrp.fb557.annot.txt.gz /data/dgrpool/tmp/e0a20a0276382ee0fff2e4a0783daeb9a28347d5c9b172b27b71a9c92a1e6f77 2 0.2 0.05 1> /data/dgrpool/tmp/e0a20a0276382ee0fff2e4a0783daeb9a28347d5c9b172b27b71a9c92a1e6f77/gwas_output.json 2> /data/dgrpool/tmp/e0a20a0276382ee0fff2e4a0783daeb9a28347d5c9b172b27b71a9c92a1e6f77/gwas_output.err
f5b1f1a47f2f88efabd39c6a2c07937b89356d15b5bdd923ec3e4f0a2fc66a78
Rscript lib/running_GWAS_user.R /data/dgrpool/tmp/f5b1f1a47f2f88efabd39c6a2c07937b89356d15b5bdd923ec3e4f0a2fc66a78.tmp /data/dgrpool/dgrp2 /data/dgrpool/dgrp.cov.tsv /data/dgrpool/dgrp.fb557.annot.txt.gz /data/dgrpool/tmp/f5b1f1a47f2f88efabd39c6a2c07937b89356d15b5bdd923ec3e4f0a2fc66a78 2 0.2 0.05 1> /data/dgrpool/tmp/f5b1f1a47f2f88efabd39c6a2c07937b89356d15b5bdd923ec3e4f0a2fc66a78/gwas_output.json 2> /data/dgrpool/tmp/f5b1f1a47f2f88efabd39c6a2c07937b89356d15b5bdd923ec3e4f0a2fc66a78/gwas_output.err
5f7b925b2ffd6f2ff9fbe904fcf63a1a0624626db1ba410c4c2c3272d017b9f1
Rscript lib/running_GWAS_user.R /data/dgrpool/tmp/5f7b925b2ffd6f2ff9fbe904fcf63a1a0624626db1ba410c4c2c3272d017b9f1.tmp /data/dgrpool/dgrp2 /data/dgrpool/dgrp.cov.tsv /data/dgrpool/dgrp.fb557.annot.txt.gz /data/dgrpool/tmp/5f7b925b2ffd6f2ff9fbe904fcf63a1a0624626db1ba410c4c2c3272d017b9f1 2 0.2 0.05 1> /data/dgrpool/tmp/5f7b925b2ffd6f2ff9fbe904fcf63a1a0624626db1ba410c4c2c3272d017b9f1/gwas_output.json 2> /data/dgrpool/tmp/5f7b925b2ffd6f2ff9fbe904fcf63a1a0624626db1ba410c4c2c3272d017b9f1/gwas_output.err
2336920ba097899dfa48dbd8772d3bfa533f85f41ff9e7bf6c4a3784ab62c1b2
Rscript lib/running_GWAS_user.R /data/dgrpool/tmp/2336920ba097899dfa48dbd8772d3bfa533f85f41ff9e7bf6c4a3784ab62c1b2.tmp /data/dgrpool/dgrp2 /data/dgrpool/dgrp.cov.tsv /data/dgrpool/dgrp.fb557.annot.txt.gz /data/dgrpool/tmp/2336920ba097899dfa48dbd8772d3bfa533f85f41ff9e7bf6c4a3784ab62c1b2 2 0.2 0.05 1> /data/dgrpool/tmp/2336920ba097899dfa48dbd8772d3bfa533f85f41ff9e7bf6c4a3784ab62c1b2/gwas_output.json 2> /data/dgrpool/tmp/2336920ba097899dfa48dbd8772d3bfa533f85f41ff9e7bf6c4a3784ab62c1b2/gwas_output.err
e2f697e8cc15de45a8c85e7cb1f49dd713c1bee22685e7a070596cb187b58b2d
Rscript lib/running_GWAS_user.R /data/dgrpool/tmp/e2f697e8cc15de45a8c85e7cb1f49dd713c1bee22685e7a070596cb187b58b2d.tmp /data/dgrpool/dgrp2 /data/dgrpool/dgrp.cov.tsv /data/dgrpool/dgrp.fb557.annot.txt.gz /data/dgrpool/tmp/e2f697e8cc15de45a8c85e7cb1f49dd713c1bee22685e7a070596cb187b58b2d 2 0.2 0.05 1> /data/dgrpool/tmp/e2f697e8cc15de45a8c85e7cb1f49dd713c1bee22685e7a070596cb187b58b2d/gwas_output.json 2> /data/dgrpool/tmp/e2f697e8cc15de45a8c85e7cb1f49dd713c1bee22685e7a070596cb187b58b2d/gwas_output.err
70911591d611021cd124dd7dbfe11d64c4a0a27383a0c93b0ae051e46f47a665
Rscript lib/running_GWAS_user.R /data/dgrpool/tmp/70911591d611021cd124dd7dbfe11d64c4a0a27383a0c93b0ae051e46f47a665.tmp /data/dgrpool/dgrp2 /data/dgrpool/dgrp.cov.tsv /data/dgrpool/dgrp.fb557.annot.txt.gz /data/dgrpool/tmp/70911591d611021cd124dd7dbfe11d64c4a0a27383a0c93b0ae051e46f47a665 2 0.2 0.05 1> /data/dgrpool/tmp/70911591d611021cd124dd7dbfe11d64c4a0a27383a0c93b0ae051e46f47a665/gwas_output.json 2> /data/dgrpool/tmp/70911591d611021cd124dd7dbfe11d64c4a0a27383a0c93b0ae051e46f47a665/gwas_output.err
295c271a7a30e319a11234b74a7ef9cc0b698669263039ac9586970ed7ce9d6f
Rscript lib/running_GWAS_user.R /data/dgrpool/tmp/295c271a7a30e319a11234b74a7ef9cc0b698669263039ac9586970ed7ce9d6f.tmp /data/dgrpool/dgrp2 /data/dgrpool/dgrp.cov.tsv /data/dgrpool/dgrp.fb557.annot.txt.gz /data/dgrpool/tmp/295c271a7a30e319a11234b74a7ef9cc0b698669263039ac9586970ed7ce9d6f 2 0.2 0.05 1> /data/dgrpool/tmp/295c271a7a30e319a11234b74a7ef9cc0b698669263039ac9586970ed7ce9d6f/gwas_output.json 2> /data/dgrpool/tmp/295c271a7a30e319a11234b74a7ef9cc0b698669263039ac9586970ed7ce9d6f/gwas_output.err
6168845b9d87257715eda07c4e69df93962000923f9d72e50eaa3cc6b17d3601
Rscript lib/running_GWAS_user.R /data/dgrpool/tmp/6168845b9d87257715eda07c4e69df93962000923f9d72e50eaa3cc6b17d3601.tmp /data/dgrpool/dgrp2 /data/dgrpool/dgrp.cov.tsv /data/dgrpool/dgrp.fb557.annot.txt.gz /data/dgrpool/tmp/6168845b9d87257715eda07c4e69df93962000923f9d72e50eaa3cc6b17d3601 2 0.2 0.05 1> /data/dgrpool/tmp/6168845b9d87257715eda07c4e69df93962000923f9d72e50eaa3cc6b17d3601/gwas_output.json 2> /data/dgrpool/tmp/6168845b9d87257715eda07c4e69df93962000923f9d72e50eaa3cc6b17d3601/gwas_output.err
3b78c201246c92056848553ce3d821213cbec04545678fc2fa805315a7fea47c
Rscript lib/running_GWAS_user.R /data/dgrpool/tmp/3b78c201246c92056848553ce3d821213cbec04545678fc2fa805315a7fea47c.tmp /data/dgrpool/dgrp2 /data/dgrpool/dgrp.cov.tsv /data/dgrpool/dgrp.fb557.annot.txt.gz /data/dgrpool/tmp/3b78c201246c92056848553ce3d821213cbec04545678fc2fa805315a7fea47c 2 0.2 0.05 1> /data/dgrpool/tmp/3b78c201246c92056848553ce3d821213cbec04545678fc2fa805315a7fea47c/gwas_output.json 2> /data/dgrpool/tmp/3b78c201246c92056848553ce3d821213cbec04545678fc2fa805315a7fea47c/gwas_output.err
0cfcebec4054336ab5f633309f03f95e466280e5313d69449654b270998e1394
Rscript lib/running_GWAS_user.R /data/dgrpool/tmp/0cfcebec4054336ab5f633309f03f95e466280e5313d69449654b270998e1394.tmp /data/dgrpool/dgrp2 /data/dgrpool/dgrp.cov.tsv /data/dgrpool/dgrp.fb557.annot.txt.gz /data/dgrpool/tmp/0cfcebec4054336ab5f633309f03f95e466280e5313d69449654b270998e1394 2 0.2 0.05 1> /data/dgrpool/tmp/0cfcebec4054336ab5f633309f03f95e466280e5313d69449654b270998e1394/gwas_output.json 2> /data/dgrpool/tmp/0cfcebec4054336ab5f633309f03f95e466280e5313d69449654b270998e1394/gwas_output.err
3d955692ef4ae365117b1e2467f3e7ae790d4805383401b473b2fe1f5ad48fa4
Rscript lib/running_GWAS_user.R /data/dgrpool/tmp/3d955692ef4ae365117b1e2467f3e7ae790d4805383401b473b2fe1f5ad48fa4.tmp /data/dgrpool/dgrp2 /data/dgrpool/dgrp.cov.tsv /data/dgrpool/dgrp.fb557.annot.txt.gz /data/dgrpool/tmp/3d955692ef4ae365117b1e2467f3e7ae790d4805383401b473b2fe1f5ad48fa4 2 0.2 0.05 1> /data/dgrpool/tmp/3d955692ef4ae365117b1e2467f3e7ae790d4805383401b473b2fe1f5ad48fa4/gwas_output.json 2> /data/dgrpool/tmp/3d955692ef4ae365117b1e2467f3e7ae790d4805383401b473b2fe1f5ad48fa4/gwas_output.err
57f3fa4f9306b71bc103bdc400402deca5c771490bbdd8ff01cb47deecbd6f71
Rscript lib/running_GWAS_user.R /data/dgrpool/tmp/57f3fa4f9306b71bc103bdc400402deca5c771490bbdd8ff01cb47deecbd6f71.tmp /data/dgrpool/dgrp2 /data/dgrpool/dgrp.cov.tsv /data/dgrpool/dgrp.fb557.annot.txt.gz /data/dgrpool/tmp/57f3fa4f9306b71bc103bdc400402deca5c771490bbdd8ff01cb47deecbd6f71 2 0.2 0.05 1> /data/dgrpool/tmp/57f3fa4f9306b71bc103bdc400402deca5c771490bbdd8ff01cb47deecbd6f71/gwas_output.json 2> /data/dgrpool/tmp/57f3fa4f9306b71bc103bdc400402deca5c771490bbdd8ff01cb47deecbd6f71/gwas_output.err
4a3fd8758de8ec32bf1cbeff7c0ce3b2fe490fd06f680c465831aae2b259a702
Rscript lib/running_GWAS_user.R /data/dgrpool/tmp/4a3fd8758de8ec32bf1cbeff7c0ce3b2fe490fd06f680c465831aae2b259a702.tmp /data/dgrpool/dgrp2 /data/dgrpool/dgrp.cov.tsv /data/dgrpool/dgrp.fb557.annot.txt.gz /data/dgrpool/tmp/4a3fd8758de8ec32bf1cbeff7c0ce3b2fe490fd06f680c465831aae2b259a702 2 0.2 0.05 1> /data/dgrpool/tmp/4a3fd8758de8ec32bf1cbeff7c0ce3b2fe490fd06f680c465831aae2b259a702/gwas_output.json 2> /data/dgrpool/tmp/4a3fd8758de8ec32bf1cbeff7c0ce3b2fe490fd06f680c465831aae2b259a702/gwas_output.err
601b9ace7da1ade3e74a70f393458b5504423fb9cd9b286c03e045d029ab3c33
Rscript lib/running_GWAS_user.R /data/dgrpool/tmp/601b9ace7da1ade3e74a70f393458b5504423fb9cd9b286c03e045d029ab3c33.tmp /data/dgrpool/dgrp2 /data/dgrpool/dgrp.cov.tsv /data/dgrpool/dgrp.fb557.annot.txt.gz /data/dgrpool/tmp/601b9ace7da1ade3e74a70f393458b5504423fb9cd9b286c03e045d029ab3c33 2 0.2 0.05 1> /data/dgrpool/tmp/601b9ace7da1ade3e74a70f393458b5504423fb9cd9b286c03e045d029ab3c33/gwas_output.json 2> /data/dgrpool/tmp/601b9ace7da1ade3e74a70f393458b5504423fb9cd9b286c03e045d029ab3c33/gwas_output.err
75c2e9e9a94701cb285c53dbfe52cbcbbee4d4c3fc783a23d37e48d765bfc70f
Rscript lib/running_GWAS_user.R /data/dgrpool/tmp/75c2e9e9a94701cb285c53dbfe52cbcbbee4d4c3fc783a23d37e48d765bfc70f.tmp /data/dgrpool/dgrp2 /data/dgrpool/dgrp.cov.tsv /data/dgrpool/dgrp.fb557.annot.txt.gz /data/dgrpool/tmp/75c2e9e9a94701cb285c53dbfe52cbcbbee4d4c3fc783a23d37e48d765bfc70f 2 0.2 0.05 1> /data/dgrpool/tmp/75c2e9e9a94701cb285c53dbfe52cbcbbee4d4c3fc783a23d37e48d765bfc70f/gwas_output.json 2> /data/dgrpool/tmp/75c2e9e9a94701cb285c53dbfe52cbcbbee4d4c3fc783a23d37e48d765bfc70f/gwas_output.err
65c65d738f660e2f6754418b50b1cf1c52d8c3d12b2d228137131d8d3fc9ff5b
Rscript lib/running_GWAS_user.R /data/dgrpool/tmp/65c65d738f660e2f6754418b50b1cf1c52d8c3d12b2d228137131d8d3fc9ff5b.tmp /data/dgrpool/dgrp2 /data/dgrpool/dgrp.cov.tsv /data/dgrpool/dgrp.fb557.annot.txt.gz /data/dgrpool/tmp/65c65d738f660e2f6754418b50b1cf1c52d8c3d12b2d228137131d8d3fc9ff5b 2 0.2 0.05 1> /data/dgrpool/tmp/65c65d738f660e2f6754418b50b1cf1c52d8c3d12b2d228137131d8d3fc9ff5b/gwas_output.json 2> /data/dgrpool/tmp/65c65d738f660e2f6754418b50b1cf1c52d8c3d12b2d228137131d8d3fc9ff5b/gwas_output.err
9de764d8899c8832d0d90275c2180152c77b690dc3c932b04ffc542919777111
Rscript lib/running_GWAS_user.R /data/dgrpool/tmp/9de764d8899c8832d0d90275c2180152c77b690dc3c932b04ffc542919777111.tmp /data/dgrpool/dgrp2 /data/dgrpool/dgrp.cov.tsv /data/dgrpool/dgrp.fb557.annot.txt.gz /data/dgrpool/tmp/9de764d8899c8832d0d90275c2180152c77b690dc3c932b04ffc542919777111 2 0.2 0.05 1> /data/dgrpool/tmp/9de764d8899c8832d0d90275c2180152c77b690dc3c932b04ffc542919777111/gwas_output.json 2> /data/dgrpool/tmp/9de764d8899c8832d0d90275c2180152c77b690dc3c932b04ffc542919777111/gwas_output.err
36dd33df0f2c05588e588a3851f72df69cd87a02e8ba780453222e702ce2dd3c
Rscript lib/running_GWAS_user.R /data/dgrpool/tmp/36dd33df0f2c05588e588a3851f72df69cd87a02e8ba780453222e702ce2dd3c.tmp /data/dgrpool/dgrp2 /data/dgrpool/dgrp.cov.tsv /data/dgrpool/dgrp.fb557.annot.txt.gz /data/dgrpool/tmp/36dd33df0f2c05588e588a3851f72df69cd87a02e8ba780453222e702ce2dd3c 2 0.2 0.05 1> /data/dgrpool/tmp/36dd33df0f2c05588e588a3851f72df69cd87a02e8ba780453222e702ce2dd3c/gwas_output.json 2> /data/dgrpool/tmp/36dd33df0f2c05588e588a3851f72df69cd87a02e8ba780453222e702ce2dd3c/gwas_output.err
91323485d2eca9c18483d54e2187098f462da8417f26c91855496f550ca405b7
Rscript lib/running_GWAS_user.R /data/dgrpool/tmp/91323485d2eca9c18483d54e2187098f462da8417f26c91855496f550ca405b7.tmp /data/dgrpool/dgrp2 /data/dgrpool/dgrp.cov.tsv /data/dgrpool/dgrp.fb557.annot.txt.gz /data/dgrpool/tmp/91323485d2eca9c18483d54e2187098f462da8417f26c91855496f550ca405b7 2 0.2 0.05 1> /data/dgrpool/tmp/91323485d2eca9c18483d54e2187098f462da8417f26c91855496f550ca405b7/gwas_output.json 2> /data/dgrpool/tmp/91323485d2eca9c18483d54e2187098f462da8417f26c91855496f550ca405b7/gwas_output.err
76804328df13caabd4bf0fc5f669abe040db9da5e510faa185fca8fa23e2da9e
Rscript lib/running_GWAS_user.R /data/dgrpool/tmp/76804328df13caabd4bf0fc5f669abe040db9da5e510faa185fca8fa23e2da9e.tmp /data/dgrpool/dgrp2 /data/dgrpool/dgrp.cov.tsv /data/dgrpool/dgrp.fb557.annot.txt.gz /data/dgrpool/tmp/76804328df13caabd4bf0fc5f669abe040db9da5e510faa185fca8fa23e2da9e 2 0.2 0.05 1> /data/dgrpool/tmp/76804328df13caabd4bf0fc5f669abe040db9da5e510faa185fca8fa23e2da9e/gwas_output.json 2> /data/dgrpool/tmp/76804328df13caabd4bf0fc5f669abe040db9da5e510faa185fca8fa23e2da9e/gwas_output.err
6ee7b7e741936c83b51599c80809bc8b3aa5cd7edcff6681ef6b36ad4150fbdc
Rscript lib/running_GWAS_user.R /data/dgrpool/tmp/6ee7b7e741936c83b51599c80809bc8b3aa5cd7edcff6681ef6b36ad4150fbdc.tmp /data/dgrpool/dgrp2 /data/dgrpool/dgrp.cov.tsv /data/dgrpool/dgrp.fb557.annot.txt.gz /data/dgrpool/tmp/6ee7b7e741936c83b51599c80809bc8b3aa5cd7edcff6681ef6b36ad4150fbdc 2 0.2 0.05 1> /data/dgrpool/tmp/6ee7b7e741936c83b51599c80809bc8b3aa5cd7edcff6681ef6b36ad4150fbdc/gwas_output.json 2> /data/dgrpool/tmp/6ee7b7e741936c83b51599c80809bc8b3aa5cd7edcff6681ef6b36ad4150fbdc/gwas_output.err
8dac2832d4fde9c0a7a930954dbe36d92896ccbc069538670a93d38d76878bca
Rscript lib/running_GWAS_user.R /data/dgrpool/tmp/8dac2832d4fde9c0a7a930954dbe36d92896ccbc069538670a93d38d76878bca.tmp /data/dgrpool/dgrp2 /data/dgrpool/dgrp.cov.tsv /data/dgrpool/dgrp.fb557.annot.txt.gz /data/dgrpool/tmp/8dac2832d4fde9c0a7a930954dbe36d92896ccbc069538670a93d38d76878bca 2 0.2 0.05 1> /data/dgrpool/tmp/8dac2832d4fde9c0a7a930954dbe36d92896ccbc069538670a93d38d76878bca/gwas_output.json 2> /data/dgrpool/tmp/8dac2832d4fde9c0a7a930954dbe36d92896ccbc069538670a93d38d76878bca/gwas_output.err
eef4b2b66609bbe4cc05aea16a847f85e1968cdf61b8131c167e18976c7574cc
Rscript lib/running_GWAS_user.R /data/dgrpool/tmp/eef4b2b66609bbe4cc05aea16a847f85e1968cdf61b8131c167e18976c7574cc.tmp /data/dgrpool/dgrp2 /data/dgrpool/dgrp.cov.tsv /data/dgrpool/dgrp.fb557.annot.txt.gz /data/dgrpool/tmp/eef4b2b66609bbe4cc05aea16a847f85e1968cdf61b8131c167e18976c7574cc 2 0.2 0.05 1> /data/dgrpool/tmp/eef4b2b66609bbe4cc05aea16a847f85e1968cdf61b8131c167e18976c7574cc/gwas_output.json 2> /data/dgrpool/tmp/eef4b2b66609bbe4cc05aea16a847f85e1968cdf61b8131c167e18976c7574cc/gwas_output.err
eb5c616765e5d2441ec7dacf8c8ede4a1348a777dfbb9550e14a58d6f7bbb7ef
Rscript lib/running_GWAS_user.R /data/dgrpool/tmp/eb5c616765e5d2441ec7dacf8c8ede4a1348a777dfbb9550e14a58d6f7bbb7ef.tmp /data/dgrpool/dgrp2 /data/dgrpool/dgrp.cov.tsv /data/dgrpool/dgrp.fb557.annot.txt.gz /data/dgrpool/tmp/eb5c616765e5d2441ec7dacf8c8ede4a1348a777dfbb9550e14a58d6f7bbb7ef 2 0.2 0.05 1> /data/dgrpool/tmp/eb5c616765e5d2441ec7dacf8c8ede4a1348a777dfbb9550e14a58d6f7bbb7ef/gwas_output.json 2> /data/dgrpool/tmp/eb5c616765e5d2441ec7dacf8c8ede4a1348a777dfbb9550e14a58d6f7bbb7ef/gwas_output.err
732361c0fdc9c2fbd4d912d217d30bca15be814ee46726edefd7f23dbbc15a94
Rscript lib/running_GWAS_user.R /data/dgrpool/tmp/732361c0fdc9c2fbd4d912d217d30bca15be814ee46726edefd7f23dbbc15a94.tmp /data/dgrpool/dgrp2 /data/dgrpool/dgrp.cov.tsv /data/dgrpool/dgrp.fb557.annot.txt.gz /data/dgrpool/tmp/732361c0fdc9c2fbd4d912d217d30bca15be814ee46726edefd7f23dbbc15a94 2 0.2 0.05 1> /data/dgrpool/tmp/732361c0fdc9c2fbd4d912d217d30bca15be814ee46726edefd7f23dbbc15a94/gwas_output.json 2> /data/dgrpool/tmp/732361c0fdc9c2fbd4d912d217d30bca15be814ee46726edefd7f23dbbc15a94/gwas_output.err
9af9ada94645ce8b63e14096ac5e915be1a53b056fe259dc54bf0da77861b068
Rscript lib/running_GWAS_user.R /data/dgrpool/tmp/9af9ada94645ce8b63e14096ac5e915be1a53b056fe259dc54bf0da77861b068.tmp /data/dgrpool/dgrp2 /data/dgrpool/dgrp.cov.tsv /data/dgrpool/dgrp.fb557.annot.txt.gz /data/dgrpool/tmp/9af9ada94645ce8b63e14096ac5e915be1a53b056fe259dc54bf0da77861b068 2 0.2 0.05 1> /data/dgrpool/tmp/9af9ada94645ce8b63e14096ac5e915be1a53b056fe259dc54bf0da77861b068/gwas_output.json 2> /data/dgrpool/tmp/9af9ada94645ce8b63e14096ac5e915be1a53b056fe259dc54bf0da77861b068/gwas_output.err
b182638fc2c8ab5c28c14f57f5d44b6420b877f8511c70471b31fd403f62e7a0
Rscript lib/running_GWAS_user.R /data/dgrpool/tmp/b182638fc2c8ab5c28c14f57f5d44b6420b877f8511c70471b31fd403f62e7a0.tmp /data/dgrpool/dgrp2 /data/dgrpool/dgrp.cov.tsv /data/dgrpool/dgrp.fb557.annot.txt.gz /data/dgrpool/tmp/b182638fc2c8ab5c28c14f57f5d44b6420b877f8511c70471b31fd403f62e7a0 2 0.2 0.05 1> /data/dgrpool/tmp/b182638fc2c8ab5c28c14f57f5d44b6420b877f8511c70471b31fd403f62e7a0/gwas_output.json 2> /data/dgrpool/tmp/b182638fc2c8ab5c28c14f57f5d44b6420b877f8511c70471b31fd403f62e7a0/gwas_output.err
57d57e0db0d5fe8477667909acf71588db9b88db62d1834e80823f1808d9a4d1
Rscript lib/running_GWAS_user.R /data/dgrpool/tmp/57d57e0db0d5fe8477667909acf71588db9b88db62d1834e80823f1808d9a4d1.tmp /data/dgrpool/dgrp2 /data/dgrpool/dgrp.cov.tsv /data/dgrpool/dgrp.fb557.annot.txt.gz /data/dgrpool/tmp/57d57e0db0d5fe8477667909acf71588db9b88db62d1834e80823f1808d9a4d1 2 0.2 0.05 1> /data/dgrpool/tmp/57d57e0db0d5fe8477667909acf71588db9b88db62d1834e80823f1808d9a4d1/gwas_output.json 2> /data/dgrpool/tmp/57d57e0db0d5fe8477667909acf71588db9b88db62d1834e80823f1808d9a4d1/gwas_output.err
5ffeee0103750514e863b5de91a1e6eaf2459477f97ef099b0af83570885cc2e
Rscript lib/running_GWAS_user.R /data/dgrpool/tmp/5ffeee0103750514e863b5de91a1e6eaf2459477f97ef099b0af83570885cc2e.tmp /data/dgrpool/dgrp2 /data/dgrpool/dgrp.cov.tsv /data/dgrpool/dgrp.fb557.annot.txt.gz /data/dgrpool/tmp/5ffeee0103750514e863b5de91a1e6eaf2459477f97ef099b0af83570885cc2e 2 0.2 0.05 1> /data/dgrpool/tmp/5ffeee0103750514e863b5de91a1e6eaf2459477f97ef099b0af83570885cc2e/gwas_output.json 2> /data/dgrpool/tmp/5ffeee0103750514e863b5de91a1e6eaf2459477f97ef099b0af83570885cc2e/gwas_output.err
3e84d0ff374cde84171111129ea5258d77dd6ffffc4c25387609a2128ef09f56
Rscript lib/running_GWAS_user.R /data/dgrpool/tmp/3e84d0ff374cde84171111129ea5258d77dd6ffffc4c25387609a2128ef09f56.tmp /data/dgrpool/dgrp2 /data/dgrpool/dgrp.cov.tsv /data/dgrpool/dgrp.fb557.annot.txt.gz /data/dgrpool/tmp/3e84d0ff374cde84171111129ea5258d77dd6ffffc4c25387609a2128ef09f56 2 0.2 0.05 1> /data/dgrpool/tmp/3e84d0ff374cde84171111129ea5258d77dd6ffffc4c25387609a2128ef09f56/gwas_output.json 2> /data/dgrpool/tmp/3e84d0ff374cde84171111129ea5258d77dd6ffffc4c25387609a2128ef09f56/gwas_output.err
1da9dbdeb7655e14af218d25163c0262edf2bfe1d3bd56b8c3dbd019d43b227d
Rscript lib/running_GWAS_user.R /data/dgrpool/tmp/1da9dbdeb7655e14af218d25163c0262edf2bfe1d3bd56b8c3dbd019d43b227d.tmp /data/dgrpool/dgrp2 /data/dgrpool/dgrp.cov.tsv /data/dgrpool/dgrp.fb557.annot.txt.gz /data/dgrpool/tmp/1da9dbdeb7655e14af218d25163c0262edf2bfe1d3bd56b8c3dbd019d43b227d 2 0.2 0.05 1> /data/dgrpool/tmp/1da9dbdeb7655e14af218d25163c0262edf2bfe1d3bd56b8c3dbd019d43b227d/gwas_output.json 2> /data/dgrpool/tmp/1da9dbdeb7655e14af218d25163c0262edf2bfe1d3bd56b8c3dbd019d43b227d/gwas_output.err
0683af992bb792e5043ad23d29b3a8734e6c96f3ff4b0b20e11f39d681fd60e8
Rscript lib/running_GWAS_user.R /data/dgrpool/tmp/0683af992bb792e5043ad23d29b3a8734e6c96f3ff4b0b20e11f39d681fd60e8.tmp /data/dgrpool/dgrp2 /data/dgrpool/dgrp.cov.tsv /data/dgrpool/dgrp.fb557.annot.txt.gz /data/dgrpool/tmp/0683af992bb792e5043ad23d29b3a8734e6c96f3ff4b0b20e11f39d681fd60e8 2 0.2 0.05 1> /data/dgrpool/tmp/0683af992bb792e5043ad23d29b3a8734e6c96f3ff4b0b20e11f39d681fd60e8/gwas_output.json 2> /data/dgrpool/tmp/0683af992bb792e5043ad23d29b3a8734e6c96f3ff4b0b20e11f39d681fd60e8/gwas_output.err
af8201303baa42c81058187440690b6f3a325ae47561b085f72d08cd0d9c9415
Rscript lib/running_GWAS_user.R /data/dgrpool/tmp/af8201303baa42c81058187440690b6f3a325ae47561b085f72d08cd0d9c9415.tmp /data/dgrpool/dgrp2 /data/dgrpool/dgrp.cov.tsv /data/dgrpool/dgrp.fb557.annot.txt.gz /data/dgrpool/tmp/af8201303baa42c81058187440690b6f3a325ae47561b085f72d08cd0d9c9415 2 0.2 0.05 1> /data/dgrpool/tmp/af8201303baa42c81058187440690b6f3a325ae47561b085f72d08cd0d9c9415/gwas_output.json 2> /data/dgrpool/tmp/af8201303baa42c81058187440690b6f3a325ae47561b085f72d08cd0d9c9415/gwas_output.err
989ff48bf6104a13fc5e311509fcb6457ec18cdb0d3a23e65a3a41d48b4d420d
Rscript lib/running_GWAS_user.R /data/dgrpool/tmp/989ff48bf6104a13fc5e311509fcb6457ec18cdb0d3a23e65a3a41d48b4d420d.tmp /data/dgrpool/dgrp2 /data/dgrpool/dgrp.cov.tsv /data/dgrpool/dgrp.fb557.annot.txt.gz /data/dgrpool/tmp/989ff48bf6104a13fc5e311509fcb6457ec18cdb0d3a23e65a3a41d48b4d420d 2 0.2 0.05 1> /data/dgrpool/tmp/989ff48bf6104a13fc5e311509fcb6457ec18cdb0d3a23e65a3a41d48b4d420d/gwas_output.json 2> /data/dgrpool/tmp/989ff48bf6104a13fc5e311509fcb6457ec18cdb0d3a23e65a3a41d48b4d420d/gwas_output.err
8ec6436f639f435dd363cbd04c3453935648b1f5ddbc1be343c758114eee2f2b
Rscript lib/running_GWAS_user.R /data/dgrpool/tmp/8ec6436f639f435dd363cbd04c3453935648b1f5ddbc1be343c758114eee2f2b.tmp /data/dgrpool/dgrp2 /data/dgrpool/dgrp.cov.tsv /data/dgrpool/dgrp.fb557.annot.txt.gz /data/dgrpool/tmp/8ec6436f639f435dd363cbd04c3453935648b1f5ddbc1be343c758114eee2f2b 2 0.2 0.05 1> /data/dgrpool/tmp/8ec6436f639f435dd363cbd04c3453935648b1f5ddbc1be343c758114eee2f2b/gwas_output.json 2> /data/dgrpool/tmp/8ec6436f639f435dd363cbd04c3453935648b1f5ddbc1be343c758114eee2f2b/gwas_output.err
eb5c616765e5d2441ec7dacf8c8ede4a1348a777dfbb9550e14a58d6f7bbb7ef
Rscript lib/running_GWAS_user.R /data/dgrpool/tmp/eb5c616765e5d2441ec7dacf8c8ede4a1348a777dfbb9550e14a58d6f7bbb7ef.tmp /data/dgrpool/dgrp2 /data/dgrpool/dgrp.cov.tsv /data/dgrpool/dgrp.fb557.annot.txt.gz /data/dgrpool/tmp/eb5c616765e5d2441ec7dacf8c8ede4a1348a777dfbb9550e14a58d6f7bbb7ef 2 0.2 0.05 1> /data/dgrpool/tmp/eb5c616765e5d2441ec7dacf8c8ede4a1348a777dfbb9550e14a58d6f7bbb7ef/gwas_output.json 2> /data/dgrpool/tmp/eb5c616765e5d2441ec7dacf8c8ede4a1348a777dfbb9550e14a58d6f7bbb7ef/gwas_output.err
62b4747085600960d72a3896bdc4577b9097a1822dcfef562cea2ca7a999d2ff
Rscript lib/running_GWAS_user.R /data/dgrpool/tmp/62b4747085600960d72a3896bdc4577b9097a1822dcfef562cea2ca7a999d2ff.tmp /data/dgrpool/dgrp2 /data/dgrpool/dgrp.cov.tsv /data/dgrpool/dgrp.fb557.annot.txt.gz /data/dgrpool/tmp/62b4747085600960d72a3896bdc4577b9097a1822dcfef562cea2ca7a999d2ff 2 0.2 0.05 1> /data/dgrpool/tmp/62b4747085600960d72a3896bdc4577b9097a1822dcfef562cea2ca7a999d2ff/gwas_output.json 2> /data/dgrpool/tmp/62b4747085600960d72a3896bdc4577b9097a1822dcfef562cea2ca7a999d2ff/gwas_output.err
f0193212c44ebbd15b706fb552ae2900d13d758c708b7cebb986d28cead87add
Rscript lib/running_GWAS_user.R /data/dgrpool/tmp/f0193212c44ebbd15b706fb552ae2900d13d758c708b7cebb986d28cead87add.tmp /data/dgrpool/dgrp2 /data/dgrpool/dgrp.cov.tsv /data/dgrpool/dgrp.fb557.annot.txt.gz /data/dgrpool/tmp/f0193212c44ebbd15b706fb552ae2900d13d758c708b7cebb986d28cead87add 2 0.2 0.05 1> /data/dgrpool/tmp/f0193212c44ebbd15b706fb552ae2900d13d758c708b7cebb986d28cead87add/gwas_output.json 2> /data/dgrpool/tmp/f0193212c44ebbd15b706fb552ae2900d13d758c708b7cebb986d28cead87add/gwas_output.err
ce0502c8266a55b138b34d7cbd3b0ecf75d2bb82a6226ea5e635ef8006d99b0f
Rscript lib/running_GWAS_user.R /data/dgrpool/tmp/ce0502c8266a55b138b34d7cbd3b0ecf75d2bb82a6226ea5e635ef8006d99b0f.tmp /data/dgrpool/dgrp2 /data/dgrpool/dgrp.cov.tsv /data/dgrpool/dgrp.fb557.annot.txt.gz /data/dgrpool/tmp/ce0502c8266a55b138b34d7cbd3b0ecf75d2bb82a6226ea5e635ef8006d99b0f 2 0.2 0.05 1> /data/dgrpool/tmp/ce0502c8266a55b138b34d7cbd3b0ecf75d2bb82a6226ea5e635ef8006d99b0f/gwas_output.json 2> /data/dgrpool/tmp/ce0502c8266a55b138b34d7cbd3b0ecf75d2bb82a6226ea5e635ef8006d99b0f/gwas_output.err
7ce876f2c33b404e673659d2329314a940d9e937a5dfb5e61d768d9c5d85321e
Rscript lib/running_GWAS_user.R /data/dgrpool/tmp/7ce876f2c33b404e673659d2329314a940d9e937a5dfb5e61d768d9c5d85321e.tmp /data/dgrpool/dgrp2 /data/dgrpool/dgrp.cov.tsv /data/dgrpool/dgrp.fb557.annot.txt.gz /data/dgrpool/tmp/7ce876f2c33b404e673659d2329314a940d9e937a5dfb5e61d768d9c5d85321e 2 0.2 0.05 1> /data/dgrpool/tmp/7ce876f2c33b404e673659d2329314a940d9e937a5dfb5e61d768d9c5d85321e/gwas_output.json 2> /data/dgrpool/tmp/7ce876f2c33b404e673659d2329314a940d9e937a5dfb5e61d768d9c5d85321e/gwas_output.err
57d57e0db0d5fe8477667909acf71588db9b88db62d1834e80823f1808d9a4d1
Rscript lib/running_GWAS_user.R /data/dgrpool/tmp/57d57e0db0d5fe8477667909acf71588db9b88db62d1834e80823f1808d9a4d1.tmp /data/dgrpool/dgrp2 /data/dgrpool/dgrp.cov.tsv /data/dgrpool/dgrp.fb557.annot.txt.gz /data/dgrpool/tmp/57d57e0db0d5fe8477667909acf71588db9b88db62d1834e80823f1808d9a4d1 2 0.2 0.05 1> /data/dgrpool/tmp/57d57e0db0d5fe8477667909acf71588db9b88db62d1834e80823f1808d9a4d1/gwas_output.json 2> /data/dgrpool/tmp/57d57e0db0d5fe8477667909acf71588db9b88db62d1834e80823f1808d9a4d1/gwas_output.err
da26172a02c91e6e348eb1081e5e3b75479560fa3c19861ea2df5b6d48c7bbdf
Rscript lib/running_GWAS_user.R /data/dgrpool/tmp/da26172a02c91e6e348eb1081e5e3b75479560fa3c19861ea2df5b6d48c7bbdf.tmp /data/dgrpool/dgrp2 /data/dgrpool/dgrp.cov.tsv /data/dgrpool/dgrp.fb557.annot.txt.gz /data/dgrpool/tmp/da26172a02c91e6e348eb1081e5e3b75479560fa3c19861ea2df5b6d48c7bbdf 2 0.2 0.05 1> /data/dgrpool/tmp/da26172a02c91e6e348eb1081e5e3b75479560fa3c19861ea2df5b6d48c7bbdf/gwas_output.json 2> /data/dgrpool/tmp/da26172a02c91e6e348eb1081e5e3b75479560fa3c19861ea2df5b6d48c7bbdf/gwas_output.err
d847030fcf77344bc38e4938bc7e043c50b11b7e375ca71533a7d998c9d5bc19
Rscript lib/running_GWAS_user.R /data/dgrpool/tmp/d847030fcf77344bc38e4938bc7e043c50b11b7e375ca71533a7d998c9d5bc19.tmp /data/dgrpool/dgrp2 /data/dgrpool/dgrp.cov.tsv /data/dgrpool/dgrp.fb557.annot.txt.gz /data/dgrpool/tmp/d847030fcf77344bc38e4938bc7e043c50b11b7e375ca71533a7d998c9d5bc19 2 0.2 0.05 1> /data/dgrpool/tmp/d847030fcf77344bc38e4938bc7e043c50b11b7e375ca71533a7d998c9d5bc19/gwas_output.json 2> /data/dgrpool/tmp/d847030fcf77344bc38e4938bc7e043c50b11b7e375ca71533a7d998c9d5bc19/gwas_output.err
68bbfbb3df4f13d52d4a5e83496db6cd3a921af2accbcc7bae42eb11b24710f4
Rscript lib/running_GWAS_user.R /data/dgrpool/tmp/68bbfbb3df4f13d52d4a5e83496db6cd3a921af2accbcc7bae42eb11b24710f4.tmp /data/dgrpool/dgrp2 /data/dgrpool/dgrp.cov.tsv /data/dgrpool/dgrp.fb557.annot.txt.gz /data/dgrpool/tmp/68bbfbb3df4f13d52d4a5e83496db6cd3a921af2accbcc7bae42eb11b24710f4 2 0.2 0.05 1> /data/dgrpool/tmp/68bbfbb3df4f13d52d4a5e83496db6cd3a921af2accbcc7bae42eb11b24710f4/gwas_output.json 2> /data/dgrpool/tmp/68bbfbb3df4f13d52d4a5e83496db6cd3a921af2accbcc7bae42eb11b24710f4/gwas_output.err
6e4c1f5c7fa0d9e8540e13eb84861a92ea5d8d10e9faa16be5bab8965f8b3aac
Rscript lib/running_GWAS_user.R /data/dgrpool/tmp/6e4c1f5c7fa0d9e8540e13eb84861a92ea5d8d10e9faa16be5bab8965f8b3aac.tmp /data/dgrpool/dgrp2 /data/dgrpool/dgrp.cov.tsv /data/dgrpool/dgrp.fb557.annot.txt.gz /data/dgrpool/tmp/6e4c1f5c7fa0d9e8540e13eb84861a92ea5d8d10e9faa16be5bab8965f8b3aac 2 0.2 0.05 1> /data/dgrpool/tmp/6e4c1f5c7fa0d9e8540e13eb84861a92ea5d8d10e9faa16be5bab8965f8b3aac/gwas_output.json 2> /data/dgrpool/tmp/6e4c1f5c7fa0d9e8540e13eb84861a92ea5d8d10e9faa16be5bab8965f8b3aac/gwas_output.err
d605c7fe6c98c372fcecd2d7f8bea35a7f444ac65de9724bdc369c985d132bc1
Rscript lib/running_GWAS_user.R /data/dgrpool/tmp/d605c7fe6c98c372fcecd2d7f8bea35a7f444ac65de9724bdc369c985d132bc1.tmp /data/dgrpool/dgrp2 /data/dgrpool/dgrp.cov.tsv /data/dgrpool/dgrp.fb557.annot.txt.gz /data/dgrpool/tmp/d605c7fe6c98c372fcecd2d7f8bea35a7f444ac65de9724bdc369c985d132bc1 2 0.2 0.05 1> /data/dgrpool/tmp/d605c7fe6c98c372fcecd2d7f8bea35a7f444ac65de9724bdc369c985d132bc1/gwas_output.json 2> /data/dgrpool/tmp/d605c7fe6c98c372fcecd2d7f8bea35a7f444ac65de9724bdc369c985d132bc1/gwas_output.err
1134a924e9172990495d8318d568bbaa0e92705edaa022fcd05bc5a7ae5201bd
Rscript lib/running_GWAS_user.R /data/dgrpool/tmp/1134a924e9172990495d8318d568bbaa0e92705edaa022fcd05bc5a7ae5201bd.tmp /data/dgrpool/dgrp2 /data/dgrpool/dgrp.cov.tsv /data/dgrpool/dgrp.fb557.annot.txt.gz /data/dgrpool/tmp/1134a924e9172990495d8318d568bbaa0e92705edaa022fcd05bc5a7ae5201bd 2 0.2 0.05 1> /data/dgrpool/tmp/1134a924e9172990495d8318d568bbaa0e92705edaa022fcd05bc5a7ae5201bd/gwas_output.json 2> /data/dgrpool/tmp/1134a924e9172990495d8318d568bbaa0e92705edaa022fcd05bc5a7ae5201bd/gwas_output.err
de0b37019611cf73fb229a36e84245248d2f6ae6c7f39af0011a134c8b14223c
Rscript lib/running_GWAS_user.R /data/dgrpool/tmp/de0b37019611cf73fb229a36e84245248d2f6ae6c7f39af0011a134c8b14223c.tmp /data/dgrpool/dgrp2 /data/dgrpool/dgrp.cov.tsv /data/dgrpool/dgrp.fb557.annot.txt.gz /data/dgrpool/tmp/de0b37019611cf73fb229a36e84245248d2f6ae6c7f39af0011a134c8b14223c 2 0.2 0.05 1> /data/dgrpool/tmp/de0b37019611cf73fb229a36e84245248d2f6ae6c7f39af0011a134c8b14223c/gwas_output.json 2> /data/dgrpool/tmp/de0b37019611cf73fb229a36e84245248d2f6ae6c7f39af0011a134c8b14223c/gwas_output.err
c800a70403b84dc1d500716f61fc294c6664e113bb4c14dc78b4d0ccd046ffdf
Rscript lib/running_GWAS_user.R /data/dgrpool/tmp/c800a70403b84dc1d500716f61fc294c6664e113bb4c14dc78b4d0ccd046ffdf.tmp /data/dgrpool/dgrp2 /data/dgrpool/dgrp.cov.tsv /data/dgrpool/dgrp.fb557.annot.txt.gz /data/dgrpool/tmp/c800a70403b84dc1d500716f61fc294c6664e113bb4c14dc78b4d0ccd046ffdf 2 0.2 0.05 1> /data/dgrpool/tmp/c800a70403b84dc1d500716f61fc294c6664e113bb4c14dc78b4d0ccd046ffdf/gwas_output.json 2> /data/dgrpool/tmp/c800a70403b84dc1d500716f61fc294c6664e113bb4c14dc78b4d0ccd046ffdf/gwas_output.err
c800a70403b84dc1d500716f61fc294c6664e113bb4c14dc78b4d0ccd046ffdf
Rscript lib/running_GWAS_user.R /data/dgrpool/tmp/c800a70403b84dc1d500716f61fc294c6664e113bb4c14dc78b4d0ccd046ffdf.tmp /data/dgrpool/dgrp2 /data/dgrpool/dgrp.cov.tsv /data/dgrpool/dgrp.fb557.annot.txt.gz /data/dgrpool/tmp/c800a70403b84dc1d500716f61fc294c6664e113bb4c14dc78b4d0ccd046ffdf 2 0.2 0.05 1> /data/dgrpool/tmp/c800a70403b84dc1d500716f61fc294c6664e113bb4c14dc78b4d0ccd046ffdf/gwas_output.json 2> /data/dgrpool/tmp/c800a70403b84dc1d500716f61fc294c6664e113bb4c14dc78b4d0ccd046ffdf/gwas_output.err
c800a70403b84dc1d500716f61fc294c6664e113bb4c14dc78b4d0ccd046ffdf
Rscript lib/running_GWAS_user.R /data/dgrpool/tmp/c800a70403b84dc1d500716f61fc294c6664e113bb4c14dc78b4d0ccd046ffdf.tmp /data/dgrpool/dgrp2 /data/dgrpool/dgrp.cov.tsv /data/dgrpool/dgrp.fb557.annot.txt.gz /data/dgrpool/tmp/c800a70403b84dc1d500716f61fc294c6664e113bb4c14dc78b4d0ccd046ffdf 2 0.2 0.05 1> /data/dgrpool/tmp/c800a70403b84dc1d500716f61fc294c6664e113bb4c14dc78b4d0ccd046ffdf/gwas_output.json 2> /data/dgrpool/tmp/c800a70403b84dc1d500716f61fc294c6664e113bb4c14dc78b4d0ccd046ffdf/gwas_output.err
c800a70403b84dc1d500716f61fc294c6664e113bb4c14dc78b4d0ccd046ffdf
Rscript lib/running_GWAS_user.R /data/dgrpool/tmp/c800a70403b84dc1d500716f61fc294c6664e113bb4c14dc78b4d0ccd046ffdf.tmp /data/dgrpool/dgrp2 /data/dgrpool/dgrp.cov.tsv /data/dgrpool/dgrp.fb557.annot.txt.gz /data/dgrpool/tmp/c800a70403b84dc1d500716f61fc294c6664e113bb4c14dc78b4d0ccd046ffdf 2 0.2 0.05 1> /data/dgrpool/tmp/c800a70403b84dc1d500716f61fc294c6664e113bb4c14dc78b4d0ccd046ffdf/gwas_output.json 2> /data/dgrpool/tmp/c800a70403b84dc1d500716f61fc294c6664e113bb4c14dc78b4d0ccd046ffdf/gwas_output.err
c800a70403b84dc1d500716f61fc294c6664e113bb4c14dc78b4d0ccd046ffdf
Rscript lib/running_GWAS_user.R /data/dgrpool/tmp/c800a70403b84dc1d500716f61fc294c6664e113bb4c14dc78b4d0ccd046ffdf.tmp /data/dgrpool/dgrp2 /data/dgrpool/dgrp.cov.tsv /data/dgrpool/dgrp.fb557.annot.txt.gz /data/dgrpool/tmp/c800a70403b84dc1d500716f61fc294c6664e113bb4c14dc78b4d0ccd046ffdf 2 0.2 0.05 1> /data/dgrpool/tmp/c800a70403b84dc1d500716f61fc294c6664e113bb4c14dc78b4d0ccd046ffdf/gwas_output.json 2> /data/dgrpool/tmp/c800a70403b84dc1d500716f61fc294c6664e113bb4c14dc78b4d0ccd046ffdf/gwas_output.err
c800a70403b84dc1d500716f61fc294c6664e113bb4c14dc78b4d0ccd046ffdf
Rscript lib/running_GWAS_user.R /data/dgrpool/tmp/c800a70403b84dc1d500716f61fc294c6664e113bb4c14dc78b4d0ccd046ffdf.tmp /data/dgrpool/dgrp2 /data/dgrpool/dgrp.cov.tsv /data/dgrpool/dgrp.fb557.annot.txt.gz /data/dgrpool/tmp/c800a70403b84dc1d500716f61fc294c6664e113bb4c14dc78b4d0ccd046ffdf 2 0.2 0.05 1> /data/dgrpool/tmp/c800a70403b84dc1d500716f61fc294c6664e113bb4c14dc78b4d0ccd046ffdf/gwas_output.json 2> /data/dgrpool/tmp/c800a70403b84dc1d500716f61fc294c6664e113bb4c14dc78b4d0ccd046ffdf/gwas_output.err
c800a70403b84dc1d500716f61fc294c6664e113bb4c14dc78b4d0ccd046ffdf
Rscript lib/running_GWAS_user.R /data/dgrpool/tmp/c800a70403b84dc1d500716f61fc294c6664e113bb4c14dc78b4d0ccd046ffdf.tmp /data/dgrpool/dgrp2 /data/dgrpool/dgrp.cov.tsv /data/dgrpool/dgrp.fb557.annot.txt.gz /data/dgrpool/tmp/c800a70403b84dc1d500716f61fc294c6664e113bb4c14dc78b4d0ccd046ffdf 2 0.2 0.05 1> /data/dgrpool/tmp/c800a70403b84dc1d500716f61fc294c6664e113bb4c14dc78b4d0ccd046ffdf/gwas_output.json 2> /data/dgrpool/tmp/c800a70403b84dc1d500716f61fc294c6664e113bb4c14dc78b4d0ccd046ffdf/gwas_output.err
rails aborted!
NoMethodError: undefined method `sort' for true:TrueClass

    md5s =  Dir.entries(tmp_dir).map{|e| m = e.match(/(\w+)\.tmp/); ((m and m[1]) ? m[1] : nil)}.compact.select{|e| File.exist?(tmp_dir + e + 'output.json')  and (!File.exist?(tmp_dir + e + 'gwas_output.json').sort{|a, b| File.ctime(tmp_dir + a + 'output.json') <=> File.ctime(tmp_dir + b + 'output.json')}# or File.size(tmp_dir + e + 'gwas_output.json') < 80
                                                                                                                                                                                                                 ^^^^^
/srv/dgrpool/lib/tasks/run_user_gwas.rake:11:in `block (2 levels) in <main>'
/srv/dgrpool/lib/tasks/run_user_gwas.rake:11:in `select'
/srv/dgrpool/lib/tasks/run_user_gwas.rake:11:in `block in <main>'
Tasks: TOP => run_user_gwas
(See full trace by running task with --trace)
Executing...
